<?xml version="1.0" encoding="UTF-8"?>
<!-- Generated by org.testng.reporters.JUnitXMLReporter -->
<testsuite ignored="1" hostname="TL1055" failures="1" tests="2" name="Services" time="89.988" errors="0" timestamp="2023-08-16T20:31:12 IST">
  <testcase classname="tests.ui.services.TC03_CreateLead" name="editAccount" time="34.334"/>
  <testcase classname="tests.ui.services.TC04_EditLead" name="editAccount" time="54.813">
    <failure type="java.lang.RuntimeException" message="See the reporter for details.">
      <![CDATA[java.lang.RuntimeException: See the reporter for details.
at com.force.utility.HtmlReporter.reportStep(HtmlReporter.java:85)
at com.force.utility.HtmlReporter.reportStep(HtmlReporter.java:100)
at com.force.base.PlaywrightWrapper.click(PlaywrightWrapper.java:208)
at com.force.base.PlaywrightWrapper.click(PlaywrightWrapper.java:190)
at page.services.ServiceDashboardPage.clickAction(ServiceDashboardPage.java:26)
at tests.ui.services.TC04_EditLead.editAccount(TC04_EditLead.java:35)
at java.base/jdk.internal.reflect.DirectMethodHandleAccessor.invoke(DirectMethodHandleAccessor.java:104)
at java.base/java.lang.reflect.Method.invoke(Method.java:578)
at org.testng.internal.MethodInvocationHelper.invokeMethod(MethodInvocationHelper.java:133)
at org.testng.internal.TestInvoker.invokeMethod(TestInvoker.java:598)
at org.testng.internal.TestInvoker.invokeTestMethod(TestInvoker.java:173)
at org.testng.internal.MethodRunner.runInSequence(MethodRunner.java:46)
at org.testng.internal.TestInvoker$MethodInvocationAgent.invoke(TestInvoker.java:824)
at org.testng.internal.TestInvoker.invokeTestMethods(TestInvoker.java:146)
at org.testng.internal.TestMethodWorker.invokeTestMethods(TestMethodWorker.java:146)
at org.testng.internal.TestMethodWorker.run(TestMethodWorker.java:128)
at java.base/java.util.concurrent.ThreadPoolExecutor.runWorker(ThreadPoolExecutor.java:1144)
at java.base/java.util.concurrent.ThreadPoolExecutor$Worker.run(ThreadPoolExecutor.java:642)
at java.base/java.lang.Thread.run(Thread.java:1589)
]]>
    </failure>
  </testcase> <!-- editAccount -->
  <testcase classname="com.force.base.ProjectHooks" name="@BeforeSuite initSuite" time="0.0">
    <ignored/>
  </testcase> <!-- @BeforeSuite initSuite -->
</testsuite> <!-- Services -->
