<?xml version="1.0" encoding="UTF-8"?>
<testng-results ignored="0" total="1" passed="1" failed="0" skipped="0">
  <reporter-output>
  </reporter-output>
  <suite started-at="2024-09-27T23:06:47 IST" name="Default suite" finished-at="2024-09-27T23:07:32 IST" duration-ms="44960">
    <groups>
    </groups>
    <test started-at="2024-09-27T23:06:47 IST" name="Default test" finished-at="2024-09-27T23:07:32 IST" duration-ms="44960">
      <class name="tests.ui.services.TC001_CuLogIn">
        <test-method is-config="true" signature="initSuite()[pri:0, instance:tests.ui.services.TC001_CuLogIn@58cbafc2]" started-at="2024-09-27T23:06:47 IST" name="initSuite" finished-at="2024-09-27T23:06:47 IST" duration-ms="355" status="PASS">
          <reporter-output>
          </reporter-output>
        </test-method> <!-- initSuite -->
        <test-method is-config="true" signature="setReportValues()[pri:0, instance:tests.ui.services.TC001_CuLogIn@58cbafc2]" started-at="2024-09-27T23:06:47 IST" name="setReportValues" finished-at="2024-09-27T23:06:47 IST" duration-ms="2" status="PASS">
          <reporter-output>
          </reporter-output>
        </test-method> <!-- setReportValues -->
        <test-method is-config="true" signature="startTestcaseReporting()[pri:0, instance:tests.ui.services.TC001_CuLogIn@58cbafc2]" started-at="2024-09-27T23:06:47 IST" name="startTestcaseReporting" finished-at="2024-09-27T23:06:47 IST" duration-ms="11" status="PASS">
          <reporter-output>
          </reporter-output>
        </test-method> <!-- startTestcaseReporting -->
        <test-method is-config="true" signature="init()[pri:0, instance:tests.ui.services.TC001_CuLogIn@58cbafc2]" started-at="2024-09-27T23:06:47 IST" name="init" finished-at="2024-09-27T23:07:02 IST" duration-ms="14739" status="PASS">
          <reporter-output>
          </reporter-output>
        </test-method> <!-- init -->
        <test-method signature="cuLogIn()[pri:0, instance:tests.ui.services.TC001_CuLogIn@58cbafc2]" started-at="2024-09-27T23:07:02 IST" name="cuLogIn" finished-at="2024-09-27T23:07:30 IST" duration-ms="28115" status="PASS">
          <reporter-output>
          </reporter-output>
        </test-method> <!-- cuLogIn -->
        <test-method is-config="true" signature="tearDown()[pri:0, instance:tests.ui.services.TC001_CuLogIn@58cbafc2]" started-at="2024-09-27T23:07:30 IST" name="tearDown" finished-at="2024-09-27T23:07:32 IST" duration-ms="2052" status="PASS">
          <reporter-output>
          </reporter-output>
        </test-method> <!-- tearDown -->
      </class> <!-- tests.ui.services.TC001_CuLogIn -->
    </test> <!-- Default test -->
  </suite> <!-- Default suite -->
</testng-results>
